Action: getAllUser initiated by user: m3r4j at: 22:37:03 GMT+0600 (Bangladesh Standard Time)
Action: getAllUser initiated by user: m3r4j at: 22:38:31 GMT+0600 (Bangladesh Standard Time)
Action: getUser initiated by user: m3r4j at: 22:38:39 GMT+0600 (Bangladesh Standard Time)
Action: getUser initiated by user: m3r4j at: 22:38:51 GMT+0600 (Bangladesh Standard Time)
Action: getAllUser initiated by user: m3r4j at: 22:41:39 GMT+0600 (Bangladesh Standard Time)
Action: getAllUser initiated by user: m3r4j at: 22:45:55 GMT+0600 (Bangladesh Standard Time)
'modifyNID' initiated by user 'testuser1' at: 01:13:36 GMT+0600 (Bangladesh Standard Time)
'modifyNID' initiated by user 'testuser1' at: 01:14:01 GMT+0600 (Bangladesh Standard Time)
'getModifyQueue' initiated by user 'testuser1' at: 01:19:48 GMT+0600 (Bangladesh Standard Time)
'getModifyQueue' initiated by user 'testuser1' at: 01:20:29 GMT+0600 (Bangladesh Standard Time)
'getModifyQueue' initiated by user 'testuser1' at: 01:20:33 GMT+0600 (Bangladesh Standard Time)
'getModifyQueue' initiated by user 'testuser1' at: 01:20:54 GMT+0600 (Bangladesh Standard Time)
'getModifyQueue' initiated by user 'testuser1' at: 01:21:09 GMT+0600 (Bangladesh Standard Time)
'getModifyQueue' initiated by user 'testuser1' at: 01:21:13 GMT+0600 (Bangladesh Standard Time)
'getModifyQueue' initiated by user 'testuser1' at: 01:21:27 GMT+0600 (Bangladesh Standard Time)
'getModifyQueue' initiated by user 'testuser1' at: 01:21:41 GMT+0600 (Bangladesh Standard Time)
'getModifyQueue' initiated by user 'testuser1' at: 01:22:08 GMT+0600 (Bangladesh Standard Time)
'getModifyQueue' initiated by user 'testuser1' at: 01:25:09 GMT+0600 (Bangladesh Standard Time)
'getModifyQueue' initiated by user 'testuser1' at: 01:25:34 GMT+0600 (Bangladesh Standard Time)
'getModifyQueue' initiated by user 'testuser1' at: 01:25:42 GMT+0600 (Bangladesh Standard Time)
'getModifyQueue' initiated by user 'testuser1' at: 01:26:21 GMT+0600 (Bangladesh Standard Time)
'getModifyQueue' initiated by user 'testuser1' at: 01:33:03 GMT+0600 (Bangladesh Standard Time)
'getModifyQueue' initiated by user 'testuser1' at: 01:47:11 GMT+0600 (Bangladesh Standard Time)
'validateNID' initiated by user 'testuser1' at: 01:47:13 GMT+0600 (Bangladesh Standard Time)
'getModifyQueue' initiated by user 'testuser1' at: 01:51:21 GMT+0600 (Bangladesh Standard Time)
'getModifyQueue' initiated by user 'testuser1' at: 01:56:29 GMT+0600 (Bangladesh Standard Time)
'validateNID' initiated by user 'testuser1' at: 01:56:34 GMT+0600 (Bangladesh Standard Time)
'getModifyQueue' initiated by user 'testuser1' at: 01:57:02 GMT+0600 (Bangladesh Standard Time)
'getModifyQueue' initiated by user 'testuser1' at: 01:57:23 GMT+0600 (Bangladesh Standard Time)
'getModifyQueue' initiated by user 'testuser1' at: 01:57:38 GMT+0600 (Bangladesh Standard Time)
'getModifyQueue' initiated by user 'testuser1' at: 01:58:45 GMT+0600 (Bangladesh Standard Time)
'validateNID' initiated by user 'testuser1' at: 01:58:47 GMT+0600 (Bangladesh Standard Time)
'getModifyQueue' initiated by user 'testuser1' at: 01:59:43 GMT+0600 (Bangladesh Standard Time)
'getModifyQueue' initiated by user 'testuser1' at: 02:00:13 GMT+0600 (Bangladesh Standard Time)
'getModifyQueue' initiated by user 'testuser1' at: 02:00:26 GMT+0600 (Bangladesh Standard Time)
'getModifyQueue' initiated by user 'testuser1' at: 02:00:57 GMT+0600 (Bangladesh Standard Time)
'validateNID' initiated by user 'testuser1' at: 02:00:59 GMT+0600 (Bangladesh Standard Time)
'getModifyQueue' initiated by user 'testuser1' at: 02:01:33 GMT+0600 (Bangladesh Standard Time)
'getModifyQueue' initiated by user 'testuser1' at: 02:02:12 GMT+0600 (Bangladesh Standard Time)
'validateNID' initiated by user 'testuser1' at: 02:02:14 GMT+0600 (Bangladesh Standard Time)
'getModifyQueue' initiated by user 'testuser1' at: 02:02:16 GMT+0600 (Bangladesh Standard Time)
'getModifyQueue' initiated by user 'testuser1' at: 02:03:48 GMT+0600 (Bangladesh Standard Time)
'validateNID' initiated by user 'testuser1' at: 02:03:51 GMT+0600 (Bangladesh Standard Time)
'getModifyQueue' initiated by user 'testuser1' at: 02:03:52 GMT+0600 (Bangladesh Standard Time)
'getModifyQueue' initiated by user 'testuser1' at: 02:04:08 GMT+0600 (Bangladesh Standard Time)
'getModifyQueue' initiated by user 'testuser1' at: 02:04:41 GMT+0600 (Bangladesh Standard Time)
'validateNID' initiated by user 'testuser1' at: 02:04:43 GMT+0600 (Bangladesh Standard Time)
'getModifyQueue' initiated by user 'testuser1' at: 02:04:44 GMT+0600 (Bangladesh Standard Time)
'getModifyQueue' initiated by user 'testuser1' at: 02:05:27 GMT+0600 (Bangladesh Standard Time)
'getModifyQueue' initiated by user 'testuser1' at: 02:05:38 GMT+0600 (Bangladesh Standard Time)
'getModifyQueue' initiated by user 'testuser1' at: 02:06:01 GMT+0600 (Bangladesh Standard Time)
'validateNID' initiated by user 'testuser1' at: 02:06:03 GMT+0600 (Bangladesh Standard Time)
'getModifyQueue' initiated by user 'testuser1' at: 02:06:05 GMT+0600 (Bangladesh Standard Time)
'getModifyQueue' initiated by user 'testuser1' at: 02:08:33 GMT+0600 (Bangladesh Standard Time)
'modifyNID' initiated by user 'testuser1' at: 02:08:45 GMT+0600 (Bangladesh Standard Time)
'getModifyQueue' initiated by user 'testuser1' at: 02:08:50 GMT+0600 (Bangladesh Standard Time)
'validateNID' initiated by user 'testuser1' at: 02:08:56 GMT+0600 (Bangladesh Standard Time)
'getModifyQueue' initiated by user 'testuser1' at: 02:08:58 GMT+0600 (Bangladesh Standard Time)
'getModifyQueue' initiated by user 'testuser1' at: 02:09:05 GMT+0600 (Bangladesh Standard Time)
'validateNID' initiated by user 'testuser1' at: 02:09:09 GMT+0600 (Bangladesh Standard Time)
'getModifyQueue' initiated by user 'testuser1' at: 02:09:50 GMT+0600 (Bangladesh Standard Time)
'getModifyQueue' initiated by user 'testuser1' at: 02:10:14 GMT+0600 (Bangladesh Standard Time)
'getModifyQueue' initiated by user 'testuser1' at: 02:15:55 GMT+0600 (Bangladesh Standard Time)
'getModifyQueue' initiated by user 'testuser1' at: 02:17:04 GMT+0600 (Bangladesh Standard Time)
'modifyNID' initiated by user 'testuser1' at: 02:17:14 GMT+0600 (Bangladesh Standard Time)
'getModifyQueue' initiated by user 'testuser1' at: 02:17:21 GMT+0600 (Bangladesh Standard Time)
'validateNID' initiated by user 'testuser1' at: 02:17:24 GMT+0600 (Bangladesh Standard Time)
'getModifyQueue' initiated by user 'testuser1' at: 02:17:27 GMT+0600 (Bangladesh Standard Time)
'getModifyQueue' initiated by user 'testuser1' at: 02:17:55 GMT+0600 (Bangladesh Standard Time)
'getModifyQueue' initiated by user 'testuser1' at: 21:37:27 GMT+0600 (Bangladesh Standard Time)
